Building DAG of jobs...
Using shell: /bin/bash
Provided cores: 1
Rules claiming more threads will be scaled down.
Job counts:
	count	jobs
	92	filter_haps
	1	histogram
	1	set_indivs_to_drop
	92	snp_sites
	1	snp_subsample
	187

[Wed Dec  4 17:33:39 2019]
rule set_indivs_to_drop:
    input: ../haplotype_pipeline/results/read_counts.csv
    output: results/indivs_to_drop_from_loci.json, results/indivs_to_drop_all.json
    jobid: 186

Shutting down, this might take some time.
Exiting because a job execution failed. Look above for error message
Complete log: /Users/kelly/projects/tiger_salamander_project/snp_pipeline/.snakemake/log/2019-12-04T173338.039646.snakemake.log
